{"D:\\TERABOX\\CuartaApp\\18-productsmanager-pern\\backend-pern\\src\\router.ts": {"path":"D:\\TERABOX\\CuartaApp\\18-productsmanager-pern\\backend-pern\\src\\router.ts","statementMap":{"0":{"start":{"line":1,"column":0},"end":{"line":1,"column":33}},"1":{"start":{"line":2,"column":0},"end":{"line":2,"column":130}},"2":{"start":{"line":3,"column":0},"end":{"line":3,"column":47}},"3":{"start":{"line":4,"column":0},"end":{"line":4,"column":50}},"4":{"start":{"line":6,"column":15},"end":{"line":6,"column":23}},"5":{"start":{"line":8,"column":0},"end":{"line":8,"column":null}},"6":{"start":{"line":10,"column":0},"end":{"line":13,"column":null}},"7":{"start":{"line":15,"column":0},"end":{"line":27,"column":null}},"8":{"start":{"line":23,"column":25},"end":{"line":23,"column":34}},"9":{"start":{"line":31,"column":0},"end":{"line":48,"column":null}},"10":{"start":{"line":41,"column":25},"end":{"line":41,"column":34}},"11":{"start":{"line":50,"column":0},"end":{"line":56,"column":null}},"12":{"start":{"line":58,"column":0},"end":{"line":64,"column":null}},"13":{"start":{"line":66,"column":0},"end":{"line":66,"column":22}}},"fnMap":{"0":{"name":"(anonymous_0)","decl":{"start":{"line":23,"column":16},"end":{"line":23,"column":21}},"loc":{"start":{"line":23,"column":25},"end":{"line":23,"column":34}}},"1":{"name":"(anonymous_1)","decl":{"start":{"line":41,"column":16},"end":{"line":41,"column":21}},"loc":{"start":{"line":41,"column":25},"end":{"line":41,"column":34}}}},"branchMap":{},"s":{"0":2,"1":2,"2":2,"3":2,"4":2,"5":2,"6":2,"7":2,"8":4,"9":2,"10":5,"11":2,"12":2,"13":2},"f":{"0":4,"1":5},"b":{}}
,"D:\\TERABOX\\CuartaApp\\18-productsmanager-pern\\backend-pern\\src\\server.ts": {"path":"D:\\TERABOX\\CuartaApp\\18-productsmanager-pern\\backend-pern\\src\\server.ts","statementMap":{"0":{"start":{"line":1,"column":0},"end":{"line":1,"column":30}},"1":{"start":{"line":2,"column":0},"end":{"line":2,"column":30}},"2":{"start":{"line":3,"column":0},"end":{"line":3,"column":29}},"3":{"start":{"line":4,"column":0},"end":{"line":4,"column":27}},"4":{"start":{"line":8,"column":4},"end":{"line":15,"column":5}},"5":{"start":{"line":9,"column":8},"end":{"line":9,"column":null}},"6":{"start":{"line":10,"column":8},"end":{"line":10,"column":null}},"7":{"start":{"line":13,"column":8},"end":{"line":13,"column":27}},"8":{"start":{"line":14,"column":8},"end":{"line":14,"column":88}},"9":{"start":{"line":18,"column":0},"end":{"line":18,"column":12}},"10":{"start":{"line":21,"column":15},"end":{"line":21,"column":24}},"11":{"start":{"line":24,"column":0},"end":{"line":24,"column":null}},"12":{"start":{"line":27,"column":0},"end":{"line":27,"column":null}},"13":{"start":{"line":29,"column":0},"end":{"line":33,"column":null}},"14":{"start":{"line":30,"column":4},"end":{"line":32,"column":null}},"15":{"start":{"line":36,"column":0},"end":{"line":36,"column":null}}},"fnMap":{"0":{"name":"connectDB","decl":{"start":{"line":7,"column":15},"end":{"line":7,"column":24}},"loc":{"start":{"line":7,"column":24},"end":{"line":16,"column":1}}},"1":{"name":"(anonymous_2)","decl":{"start":{"line":29,"column":19},"end":{"line":29,"column":20}},"loc":{"start":{"line":29,"column":32},"end":{"line":33,"column":1}}}},"branchMap":{},"s":{"0":2,"1":2,"2":2,"3":2,"4":2,"5":2,"6":1,"7":0,"8":0,"9":2,"10":2,"11":2,"12":2,"13":2,"14":1,"15":2},"f":{"0":2,"1":1},"b":{}}
,"D:\\TERABOX\\CuartaApp\\18-productsmanager-pern\\backend-pern\\src\\config\\db.ts": {"path":"D:\\TERABOX\\CuartaApp\\18-productsmanager-pern\\backend-pern\\src\\config\\db.ts","statementMap":{"0":{"start":{"line":1,"column":0},"end":{"line":1,"column":49}},"1":{"start":{"line":2,"column":0},"end":{"line":2,"column":28}},"2":{"start":{"line":3,"column":0},"end":{"line":3,"column":null}},"3":{"start":{"line":5,"column":11},"end":{"line":8,"column":2}},"4":{"start":{"line":10,"column":0},"end":{"line":10,"column":18}}},"fnMap":{},"branchMap":{},"s":{"0":2,"1":2,"2":2,"3":2,"4":2},"f":{},"b":{}}
,"D:\\TERABOX\\CuartaApp\\18-productsmanager-pern\\backend-pern\\src\\handlers\\product.ts": {"path":"D:\\TERABOX\\CuartaApp\\18-productsmanager-pern\\backend-pern\\src\\handlers\\product.ts","statementMap":{"0":{"start":{"line":2,"column":0},"end":{"line":2,"column":45}},"1":{"start":{"line":4,"column":27},"end":{"line":21,"column":1}},"2":{"start":{"line":5,"column":21},"end":{"line":13,"column":6}},"3":{"start":{"line":15,"column":4},"end":{"line":19,"column":5}},"4":{"start":{"line":16,"column":8},"end":{"line":16,"column":null}},"5":{"start":{"line":18,"column":8},"end":{"line":18,"column":null}},"6":{"start":{"line":4,"column":13},"end":{"line":4,"column":27}},"7":{"start":{"line":23,"column":29},"end":{"line":34,"column":1}},"8":{"start":{"line":25,"column":4},"end":{"line":31,"column":5}},"9":{"start":{"line":26,"column":24},"end":{"line":26,"column":54}},"10":{"start":{"line":28,"column":8},"end":{"line":28,"column":null}},"11":{"start":{"line":30,"column":8},"end":{"line":30,"column":null}},"12":{"start":{"line":23,"column":13},"end":{"line":23,"column":29}},"13":{"start":{"line":36,"column":30},"end":{"line":56,"column":1}},"14":{"start":{"line":39,"column":4},"end":{"line":54,"column":5}},"15":{"start":{"line":40,"column":21},"end":{"line":40,"column":31}},"16":{"start":{"line":41,"column":24},"end":{"line":41,"column":50}},"17":{"start":{"line":44,"column":8},"end":{"line":48,"column":9}},"18":{"start":{"line":45,"column":12},"end":{"line":47,"column":null}},"19":{"start":{"line":50,"column":8},"end":{"line":50,"column":null}},"20":{"start":{"line":53,"column":8},"end":{"line":53,"column":null}},"21":{"start":{"line":36,"column":13},"end":{"line":36,"column":30}},"22":{"start":{"line":58,"column":29},"end":{"line":79,"column":1}},"23":{"start":{"line":59,"column":4},"end":{"line":78,"column":5}},"24":{"start":{"line":60,"column":21},"end":{"line":60,"column":31}},"25":{"start":{"line":61,"column":24},"end":{"line":61,"column":50}},"26":{"start":{"line":64,"column":8},"end":{"line":68,"column":9}},"27":{"start":{"line":65,"column":12},"end":{"line":67,"column":null}},"28":{"start":{"line":71,"column":8},"end":{"line":71,"column":null}},"29":{"start":{"line":72,"column":8},"end":{"line":72,"column":null}},"30":{"start":{"line":74,"column":8},"end":{"line":74,"column":null}},"31":{"start":{"line":77,"column":8},"end":{"line":77,"column":null}},"32":{"start":{"line":58,"column":13},"end":{"line":58,"column":29}},"33":{"start":{"line":81,"column":34},"end":{"line":104,"column":1}},"34":{"start":{"line":82,"column":4},"end":{"line":103,"column":5}},"35":{"start":{"line":83,"column":21},"end":{"line":83,"column":31}},"36":{"start":{"line":84,"column":24},"end":{"line":84,"column":50}},"37":{"start":{"line":86,"column":8},"end":{"line":90,"column":9}},"38":{"start":{"line":87,"column":12},"end":{"line":89,"column":null}},"39":{"start":{"line":92,"column":31},"end":{"line":94,"column":null}},"40":{"start":{"line":96,"column":8},"end":{"line":96,"column":null}},"41":{"start":{"line":97,"column":8},"end":{"line":97,"column":null}},"42":{"start":{"line":99,"column":8},"end":{"line":99,"column":null}},"43":{"start":{"line":102,"column":8},"end":{"line":102,"column":null}},"44":{"start":{"line":81,"column":13},"end":{"line":81,"column":34}},"45":{"start":{"line":106,"column":29},"end":{"line":124,"column":1}},"46":{"start":{"line":107,"column":4},"end":{"line":123,"column":5}},"47":{"start":{"line":108,"column":21},"end":{"line":108,"column":31}},"48":{"start":{"line":110,"column":24},"end":{"line":110,"column":50}},"49":{"start":{"line":112,"column":8},"end":{"line":116,"column":9}},"50":{"start":{"line":113,"column":12},"end":{"line":115,"column":null}},"51":{"start":{"line":118,"column":8},"end":{"line":118,"column":null}},"52":{"start":{"line":120,"column":8},"end":{"line":120,"column":null}},"53":{"start":{"line":122,"column":8},"end":{"line":122,"column":null}},"54":{"start":{"line":106,"column":13},"end":{"line":106,"column":29}}},"fnMap":{"0":{"name":"(anonymous_1)","decl":{"start":{"line":4,"column":27},"end":{"line":4,"column":32}},"loc":{"start":{"line":4,"column":65},"end":{"line":21,"column":1}}},"1":{"name":"(anonymous_2)","decl":{"start":{"line":23,"column":29},"end":{"line":23,"column":34}},"loc":{"start":{"line":23,"column":66},"end":{"line":34,"column":1}}},"2":{"name":"(anonymous_3)","decl":{"start":{"line":36,"column":30},"end":{"line":36,"column":35}},"loc":{"start":{"line":36,"column":68},"end":{"line":56,"column":1}}},"3":{"name":"(anonymous_4)","decl":{"start":{"line":58,"column":29},"end":{"line":58,"column":34}},"loc":{"start":{"line":58,"column":67},"end":{"line":79,"column":1}}},"4":{"name":"(anonymous_5)","decl":{"start":{"line":81,"column":34},"end":{"line":81,"column":39}},"loc":{"start":{"line":81,"column":72},"end":{"line":104,"column":1}}},"5":{"name":"(anonymous_6)","decl":{"start":{"line":106,"column":29},"end":{"line":106,"column":34}},"loc":{"start":{"line":106,"column":67},"end":{"line":124,"column":1}}}},"branchMap":{"0":{"loc":{"start":{"line":44,"column":8},"end":{"line":48,"column":9}},"type":"if","locations":[{"start":{"line":44,"column":8},"end":{"line":48,"column":9}}]},"1":{"loc":{"start":{"line":64,"column":8},"end":{"line":68,"column":9}},"type":"if","locations":[{"start":{"line":64,"column":8},"end":{"line":68,"column":9}}]},"2":{"loc":{"start":{"line":86,"column":8},"end":{"line":90,"column":9}},"type":"if","locations":[{"start":{"line":86,"column":8},"end":{"line":90,"column":9}}]},"3":{"loc":{"start":{"line":112,"column":8},"end":{"line":116,"column":9}},"type":"if","locations":[{"start":{"line":112,"column":8},"end":{"line":116,"column":9}}]}},"s":{"0":2,"1":2,"2":2,"3":2,"4":2,"5":0,"6":2,"7":2,"8":1,"9":1,"10":1,"11":0,"12":2,"13":2,"14":2,"15":2,"16":2,"17":2,"18":1,"19":1,"20":0,"21":2,"22":2,"23":2,"24":2,"25":2,"26":2,"27":1,"28":1,"29":1,"30":1,"31":0,"32":2,"33":2,"34":2,"35":2,"36":2,"37":2,"38":1,"39":1,"40":1,"41":1,"42":1,"43":0,"44":2,"45":2,"46":2,"47":2,"48":2,"49":2,"50":1,"51":1,"52":1,"53":0,"54":2},"f":{"0":2,"1":1,"2":2,"3":2,"4":2,"5":2},"b":{"0":[1],"1":[1],"2":[1],"3":[1]}}
,"D:\\TERABOX\\CuartaApp\\18-productsmanager-pern\\backend-pern\\src\\middlewares\\index.ts": {"path":"D:\\TERABOX\\CuartaApp\\18-productsmanager-pern\\backend-pern\\src\\middlewares\\index.ts","statementMap":{"0":{"start":{"line":2,"column":0},"end":{"line":2,"column":53}},"1":{"start":{"line":5,"column":33},"end":{"line":11,"column":1}},"2":{"start":{"line":6,"column":19},"end":{"line":6,"column":40}},"3":{"start":{"line":7,"column":4},"end":{"line":9,"column":5}},"4":{"start":{"line":8,"column":8},"end":{"line":8,"column":64}},"5":{"start":{"line":10,"column":4},"end":{"line":10,"column":11}},"6":{"start":{"line":5,"column":13},"end":{"line":5,"column":33}}},"fnMap":{"0":{"name":"(anonymous_0)","decl":{"start":{"line":5,"column":33},"end":{"line":5,"column":34}},"loc":{"start":{"line":5,"column":85},"end":{"line":11,"column":1}}}},"branchMap":{"0":{"loc":{"start":{"line":7,"column":4},"end":{"line":9,"column":5}},"type":"if","locations":[{"start":{"line":7,"column":4},"end":{"line":9,"column":5}}]}},"s":{"0":2,"1":2,"2":17,"3":17,"4":8,"5":9,"6":2},"f":{"0":17},"b":{"0":[8]}}
,"D:\\TERABOX\\CuartaApp\\18-productsmanager-pern\\backend-pern\\src\\models\\Product.model.ts": {"path":"D:\\TERABOX\\CuartaApp\\18-productsmanager-pern\\backend-pern\\src\\models\\Product.model.ts","statementMap":{"0":{"start":{"line":1,"column":0},"end":{"line":1,"column":79}},"1":{"start":{"line":8,"column":0},"end":{"line":26,"column":null}},"2":{"start":{"line":14,"column":12},"end":{"line":14,"column":null}},"3":{"start":{"line":19,"column":4},"end":{"line":19,"column":null}},"4":{"start":{"line":25,"column":4},"end":{"line":25,"column":null}},"5":{"start":{"line":8,"column":6},"end":{"line":26,"column":null}},"6":{"start":{"line":28,"column":0},"end":{"line":28,"column":23}}},"fnMap":{},"branchMap":{},"s":{"0":2,"1":2,"2":2,"3":2,"4":2,"5":2,"6":2},"f":{},"b":{}}
}
