TN:
SF:src\router.ts
FN:23,(anonymous_0)
FN:41,(anonymous_1)
FNF:2
FNH:2
FNDA:4,(anonymous_0)
FNDA:5,(anonymous_1)
DA:1,2
DA:2,2
DA:3,2
DA:4,2
DA:6,2
DA:8,2
DA:10,2
DA:15,2
DA:23,4
DA:31,2
DA:41,5
DA:50,2
DA:58,2
DA:66,2
LF:14
LH:14
BRF:0
BRH:0
end_of_record
TN:
SF:src\server.ts
FN:7,connectDB
FN:29,(anonymous_2)
FNF:2
FNH:2
FNDA:2,connectDB
FNDA:1,(anonymous_2)
DA:1,2
DA:2,2
DA:3,2
DA:4,2
DA:8,2
DA:9,2
DA:10,1
DA:13,0
DA:14,0
DA:18,2
DA:21,2
DA:24,2
DA:27,2
DA:29,2
DA:30,1
DA:36,2
LF:16
LH:14
BRF:0
BRH:0
end_of_record
TN:
SF:src\config\db.ts
FNF:0
FNH:0
DA:1,2
DA:2,2
DA:3,2
DA:5,2
DA:10,2
LF:5
LH:5
BRF:0
BRH:0
end_of_record
TN:
SF:src\handlers\product.ts
FN:4,(anonymous_1)
FN:23,(anonymous_2)
FN:36,(anonymous_3)
FN:58,(anonymous_4)
FN:81,(anonymous_5)
FN:106,(anonymous_6)
FNF:6
FNH:6
FNDA:2,(anonymous_1)
FNDA:1,(anonymous_2)
FNDA:2,(anonymous_3)
FNDA:2,(anonymous_4)
FNDA:2,(anonymous_5)
FNDA:2,(anonymous_6)
DA:2,2
DA:4,2
DA:5,2
DA:15,2
DA:16,2
DA:18,0
DA:23,2
DA:25,1
DA:26,1
DA:28,1
DA:30,0
DA:36,2
DA:39,2
DA:40,2
DA:41,2
DA:44,2
DA:45,1
DA:50,1
DA:53,0
DA:58,2
DA:59,2
DA:60,2
DA:61,2
DA:64,2
DA:65,1
DA:71,1
DA:72,1
DA:74,1
DA:77,0
DA:81,2
DA:82,2
DA:83,2
DA:84,2
DA:86,2
DA:87,1
DA:92,1
DA:96,1
DA:97,1
DA:99,1
DA:102,0
DA:106,2
DA:107,2
DA:108,2
DA:110,2
DA:112,2
DA:113,1
DA:118,1
DA:120,1
DA:122,0
LF:49
LH:43
BRDA:44,0,0,1
BRDA:64,1,0,1
BRDA:86,2,0,1
BRDA:112,3,0,1
BRF:4
BRH:4
end_of_record
TN:
SF:src\middlewares\index.ts
FN:5,(anonymous_0)
FNF:1
FNH:1
FNDA:17,(anonymous_0)
DA:2,2
DA:5,2
DA:6,17
DA:7,17
DA:8,8
DA:10,9
LF:6
LH:6
BRDA:7,0,0,8
BRF:1
BRH:1
end_of_record
TN:
SF:src\models\Product.model.ts
FNF:0
FNH:0
DA:1,2
DA:8,2
DA:14,2
DA:19,2
DA:25,2
DA:28,2
LF:6
LH:6
BRF:0
BRH:0
end_of_record
